[debug] > Exec(test, None, None)
[debug] Evaluating tasks: Test / test
[debug] Running task... Cancel: Signal, check cycles: false, forcegc: true
[info] Test3d:
[info] - Sphere should move in
[info] - Sphere should report area
[info] - Sphere should report volume
[info] - Cube should move in
[info] - Cube should report area
[info] - Cube should report volume
[info] - Cuboid should move in
[info] - Cuboid should report area
[info] - Cuboid should report volume
[info] Test2d:
[info] - Point should move in
[info] - Circle should move in
[info] - Circle should report its area
[info] - Rectangle should move in
[info] - Rectangle should report its area
[info] Run completed in 517 milliseconds.
[info] Total number of tests run: 14
[info] Suites: completed 2, aborted 0
[info] Tests: succeeded 14, failed 0, canceled 0, ignored 0, pending 0
[info] All tests passed.
[success] Total time: 5 s, completed 2 февр. 2021 г., 22:44:32
[debug] > Exec(idea-shell, None, None)
