[debug] > Exec(test, None, None)
[debug] Evaluating tasks: Test / test
[debug] Running task... Cancel: Signal, check cycles: false, forcegc: true
[info] compiling 1 Scala source to C:\ScalaBootCamp\Homework\SecondHomework\target\scala-2.13\classes ...
[warn] C:\ScalaBootCamp\Homework\SecondHomework\src\main\scala\Shape3d.scala:65:16: method without a parameter list overrides a method with a single empty one
[warn]   override def surfaceArea: Double = 6 * Math.pow(length, 2)
[warn]                ^
[warn] C:\ScalaBootCamp\Homework\SecondHomework\src\main\scala\Shape3d.scala:66:16: method without a parameter list overrides a method with a single empty one
[warn]   override def volume: Double = Math.pow(length, 3)
[warn]                ^
[warn] C:\ScalaBootCamp\Homework\SecondHomework\src\main\scala\Shape3d.scala:82:16: method without a parameter list overrides a method with a single empty one
[warn]   override def surfaceArea: Double = 2 * (length * width + length * height + width * height)
[warn]                ^
[warn] C:\ScalaBootCamp\Homework\SecondHomework\src\main\scala\Shape3d.scala:83:16: method without a parameter list overrides a method with a single empty one
[warn]   override def volume: Double = length * width * height
[warn]                ^
[warn] four warnings found
[info] done compiling
[info] compiling 2 Scala sources to C:\ScalaBootCamp\Homework\SecondHomework\target\scala-2.13\test-classes ...
[info] done compiling
[info] Test2d:
[info] - Point should move in
[info] - Circle should move in
[info] - Circle should report its area
[info] - Rectangle should move in
[info] - Rectangle should report its area
[info] Test3d:
[info] - Sphere should move in
[info] - Sphere should report area
[info] - Sphere should report volume
[info] - Cube should move in
[info] - Cube should report area
[info] - Cube should report volume
[info] - Cuboid should move in
[info] - Cuboid should report area
[info] - Cuboid should report volume
[info] Run completed in 308 milliseconds.
[info] Total number of tests run: 14
[info] Suites: completed 2, aborted 0
[info] Tests: succeeded 14, failed 0, canceled 0, ignored 0, pending 0
[info] All tests passed.
[debug] Forcing garbage collection...
[success] Total time: 4 s, completed 2 февр. 2021 г., 22:40:17
[debug] > Exec(idea-shell, None, None)
